* using log directory ‘/home/gongcongcong/projects/mbOmic/..Rcheck’
* using R version 3.6.1 (2019-07-05)
* using platform: x86_64-pc-linux-gnu (64-bit)
* using session charset: UTF-8
* checking for file ‘./DESCRIPTION’ ... OK
* checking extension type ... Package
* this is package ‘mbOmic’ version ‘1.0.0’
* package encoding: UTF-8
* checking package namespace information ... OK
* checking package dependencies ... OK
* checking if this is a source package ... OK
* checking if there is a namespace ... OK
* checking for executable files ... OK
* checking for hidden files and directories ... NOTE
Found the following hidden files and directories:
  .RData
  .Rhistory
  .gitignore
  ..Rcheck
  .Rproj.user
  .git
These were most likely included in error. See section ‘Package
structure’ in the ‘Writing R Extensions’ manual.
* checking for portable file names ... NOTE
Found the following non-portable file paths:
  mbOmic/.Rproj.user/shared/notebooks/D0B6D173-inter-omic correlation analysis/1/s/c6cb0le27p2ex/000002.csv
  mbOmic/.Rproj.user/shared/notebooks/D0B6D173-inter-omic correlation analysis/1/s/c9gdrln33lvd6/000002.csv
  mbOmic/.Rproj.user/shared/notebooks/D0B6D173-inter-omic correlation analysis/1/s/c9gdrln33lvd6/000003.metadata
  mbOmic/.Rproj.user/shared/notebooks/D0B6D173-inter-omic correlation analysis/1/s/c9gdrln33lvd6/000003.rdf
  mbOmic/.Rproj.user/shared/notebooks/D0B6D173-inter-omic correlation analysis/1/s/c9gdrln33lvd6/000004.csv
  mbOmic/.Rproj.user/shared/notebooks/D0B6D173-inter-omic correlation analysis/1/s/c9gdrln33lvd6/000005.error
  mbOmic/.Rproj.user/shared/notebooks/D0B6D173-inter-omic correlation analysis/1/s/c9gdrln33lvd6/000006.metadata
  mbOmic/.Rproj.user/shared/notebooks/D0B6D173-inter-omic correlation analysis/1/s/c9gdrln33lvd6/000006.png
  mbOmic/.Rproj.user/shared/notebooks/D0B6D173-inter-omic correlation analysis/1/s/cdhkwbww0ar29/00000c.csv
  mbOmic/.Rproj.user/shared/notebooks/D0B6D173-inter-omic correlation analysis/1/s/cdhkwbww0ar29/00000d.metadata
  mbOmic/.Rproj.user/shared/notebooks/D0B6D173-inter-omic correlation analysis/1/s/cdhkwbww0ar29/00000d.rdf
  mbOmic/.Rproj.user/shared/notebooks/D0B6D173-inter-omic correlation analysis/1/s/cdhkwbww0ar29/00000e.csv
  mbOmic/.Rproj.user/shared/notebooks/D0B6D173-inter-omic correlation analysis/1/s/cdhkwbww0ar29/00000f.metadata
  mbOmic/.Rproj.user/shared/notebooks/D0B6D173-inter-omic correlation analysis/1/s/cdhkwbww0ar29/00000f.png
  mbOmic/.Rproj.user/shared/notebooks/D0B6D173-inter-omic correlation analysis/1/s/cdhkwbww0ar29/00000f.snapshot
  mbOmic/.Rproj.user/shared/notebooks/D0B6D173-inter-omic correlation analysis/1/s/cfqph56p5g7m2/000002.csv
  mbOmic/.Rproj.user/shared/notebooks/D0B6D173-inter-omic correlation analysis/1/s/cohv6v2ifsf31/000002.csv
  mbOmic/.Rproj.user/shared/notebooks/D0B6D173-inter-omic correlation analysis/1/s/csetup_chunk/000002.csv
  mbOmic/.Rproj.user/shared/notebooks/D0B6D173-inter-omic correlation analysis/1/s/ct8scbzj3xnt9/000002.csv

Tarballs are only required to store paths of up to 100 bytes and cannot
store those of more than 256 bytes, with restrictions including to 100
bytes for the final component.
See section ‘Package structure’ in the ‘Writing R Extensions’ manual.
* checking for sufficient/correct file permissions ... OK
* checking whether package ‘mbOmic’ can be installed ... OK
* checking installed package size ... OK
* checking package directory ... OK
* checking DESCRIPTION meta-information ... WARNING
Non-standard license specification:
  What license is it under?
Standardizable: FALSE
Checking should be performed on sources prepared by ‘R CMD build’.
* checking top-level files ... OK
* checking for left-over files ... OK
* checking index information ... OK
* checking package subdirectories ... WARNING
Found the following directory with the name of a check directory:
  ./..Rcheck
Most likely, these were included erroneously.
Subdirectory ‘data’ contains no data sets.
* checking R files for non-ASCII characters ... OK
* checking R files for syntax errors ... OK
* checking whether the package can be loaded ... OK
* checking whether the package can be loaded with stated dependencies ... OK
* checking whether the package can be unloaded cleanly ... OK
* checking whether the namespace can be loaded with stated dependencies ... NOTE
Warning: no function found corresponding to methods exports from ‘mbOmic’ for: ‘show’

A namespace must be able to be loaded with just the base namespace
loaded: otherwise if the namespace gets loaded by a saved object, the
session will be unable to start.

Probably some imports need to be declared in the NAMESPACE file.
* checking whether the namespace can be unloaded cleanly ... OK
* checking loading without being on the library search path ... OK
* checking dependencies in R code ... NOTE
package 'methods' is used but not declared
* checking S3 generic/method consistency ... WARNING
print:
  function(x, ...)
print.mb.module:
  function(object)

print:
  function(x, ...)
print.mbSet:
  function(obj)

See section ‘Generic functions and methods’ in the ‘Writing R
Extensions’ manual.
* checking replacement functions ... OK
* checking foreign function calls ... OK
* checking R code for possible problems ... NOTE
b.extra: no visible binding for global variable ‘..s’
m.extra: no visible binding for global variable ‘..s’
m.filter: no visible binding for global variable ‘..goodMetabolites’
mb.cor: no visible global function definition for ‘new’
mbSet: no visible binding for global variable ‘..m.id’
mbSet: no visible binding for global variable ‘..b.id’
mbSet: no visible global function definition for ‘new’
pickST: no visible global function definition for ‘capture.output’
pickST: no visible global function definition for ‘points’
pickST: no visible global function definition for ‘text’
pickST: no visible global function definition for ‘abline’
plot_network: no visible binding for global variable ‘name’
plot_network: no visible binding for global variable ‘centrality
  degree’
plot_network: no visible global function definition for ‘quantile’
plot_network: no visible global function definition for ‘aes’
plot_network: no visible global function definition for ‘coord_fixed’
plot_network: no visible global function definition for ‘labs’
plot_network: no visible binding for global variable ‘label’
plot_network: no visible global function definition for
  ‘scale_color_manual’
cor.test,mbSet: no visible global function definition for ‘stopCluster’
cor.test,mbSet : <anonymous>: no visible global function definition for
  ‘setNames’
cor.test,mbSet: no visible binding for global variable ‘.’
cor.test,mbSet: no visible global function definition for ‘.’
cor.test,mbSet: no visible binding for global variable ‘rho’
cor.test,mbSet: no visible binding for global variable ‘p’
cor.test,mbSet: no visible binding for global variable ‘padj’
wgcna,mbSet: no visible global function definition for ‘capture.output’
Undefined global functions or variables:
  . ..b.id ..goodMetabolites ..m.id ..s abline aes capture.output
  centrality degree coord_fixed label labs name new p padj points
  quantile rho scale_color_manual setNames stopCluster text
Consider adding
  importFrom("graphics", "abline", "points", "text")
  importFrom("methods", "new")
  importFrom("stats", "quantile", "setNames")
  importFrom("utils", "capture.output")
to your NAMESPACE file (and ensure that your DESCRIPTION Imports field
contains 'methods').
* checking Rd files ... OK
* checking Rd metadata ... OK
* checking Rd cross-references ... OK
* checking for missing documentation entries ... OK
* checking for code/documentation mismatches ... WARNING
Codoc mismatches from documentation object 'plot_network':
plot_network
  Code: function(net, corr, centrality_degree_mode = "out", threshold =
                 0.9)
  Docs: function(net, corr, centrality_degree_mode = "out")
  Argument names in code not in docs:
    threshold

* checking Rd \usage sections ... WARNING
Undocumented arguments in documentation object 'b.extra'
  ‘obj’

Undocumented arguments in documentation object 'check_mbSet'
  ‘object’

Undocumented arguments in documentation object 'cor.test'
  ‘object’ ‘...’

Undocumented arguments in documentation object 'cor2df'
  ‘res’

Undocumented arguments in documentation object 'm.extra'
  ‘obj’

Undocumented arguments in documentation object 'm.filter'
  ‘m’ ‘minNSamples’

Undocumented arguments in documentation object 'mbSet'
  ‘m’ ‘b’ ‘pData’

Undocumented arguments in documentation object 'nb.extra'
  ‘obj’

Undocumented arguments in documentation object 'nm.extra'
  ‘obj’

Undocumented arguments in documentation object 'pickST'
  ‘m’ ‘threshold.d’ ‘threshold’ ‘plot’ ‘powers’

Undocumented arguments in documentation object 'plot_network'
  ‘net’ ‘corr’ ‘centrality_degree_mode’

Undocumented arguments in documentation object 'print.mb.module'
  ‘object’

Undocumented arguments in documentation object 'print.mbSet'
  ‘obj’

Undocumented arguments in documentation object 'samples.extra'
  ‘obj’

Undocumented arguments in documentation object 'show,mbSet-method'
  ‘object’

Undocumented arguments in documentation object 'wgcna,mbSet-method'
  ‘object’ ‘group’ ‘minN’ ‘power’ ‘powers’ ‘threshold.d’ ‘threshold’
  ‘message’ ‘...’

Undocumented arguments in documentation object 'wgcna'
  ‘object’ ‘group’ ‘minN’ ‘power’ ‘powers’ ‘threshold.d’ ‘threshold’
  ‘message’ ‘...’

Functions with \usage entries need to have the appropriate \alias
entries, and all their arguments documented.
The \usage entries must correspond to syntactically valid R code.
See chapter ‘Writing R documentation files’ in the ‘Writing R
Extensions’ manual.
* checking Rd contents ... OK
* checking for unstated dependencies in examples ... OK
* checking contents of ‘data’ directory ... WARNING
Files not of a type allowed in a ‘data’ directory:
  ‘41598_2021_85433_MOESM2_ESM.xlsx’
Please use e.g. ‘inst/extdata’ for non-R data files

* checking data for non-ASCII characters ... OK
* checking data for ASCII and uncompressed saves ... OK
* checking files in ‘vignettes’ ... WARNING
Files in the 'vignettes' directory but no files in 'inst/doc':
  ‘introduction.Rmd’
Package has no Sweave vignette sources and no VignetteBuilder field.
* checking examples ... NONE
* checking PDF version of manual ... OK
* DONE
Status: 7 WARNINGs, 5 NOTEs
