This is pdfTeX, Version 3.141592653-2.6-1.40.22 (TeX Live 2021) (preloaded format=pdflatex 2021.6.4)  13 AUG 2021 17:37
entering extended mode
 restricted \write18 enabled.
 %&-line parsing enabled.
**Rd2.tex
(./Rd2.tex
LaTeX2e <2021-06-01>
L3 programming layer <2021-06-01>
(/home/gongcongcong/.TinyTeX/texmf-dist/tex/latex/base/book.cls
Document Class: book 2021/02/12 v1.4n Standard LaTeX document class
(/home/gongcongcong/.TinyTeX/texmf-dist/tex/latex/base/bk10.clo
File: bk10.clo 2021/02/12 v1.4n Standard LaTeX file (size option)
)
\c@part=\count182
\c@chapter=\count183
\c@section=\count184
\c@subsection=\count185
\c@subsubsection=\count186
\c@paragraph=\count187
\c@subparagraph=\count188
\c@figure=\count189
\c@table=\count190
\abovecaptionskip=\skip47
\belowcaptionskip=\skip48
\bibindent=\dimen138
)
(/usr/local/R-3.6.1/share/texmf/tex/latex/Rd.sty
Package: Rd 

(/home/gongcongcong/.TinyTeX/texmf-dist/tex/latex/base/ifthen.sty
Package: ifthen 2020/11/24 v1.1c Standard LaTeX ifthen package (DPC)
)
(/home/gongcongcong/.TinyTeX/texmf-dist/tex/latex/tools/longtable.sty
Package: longtable 2021-05-07 v4.16 Multi-page Table package (DPC)
\LTleft=\skip49
\LTright=\skip50
\LTpre=\skip51
\LTpost=\skip52
\LTchunksize=\count191
\LTcapwidth=\dimen139
\LT@head=\box50
\LT@firsthead=\box51
\LT@foot=\box52
\LT@lastfoot=\box53
\LT@gbox=\box54
\LT@cols=\count192
\LT@rows=\count193
\c@LT@tables=\count194
\c@LT@chunks=\count195
\LT@p@ftn=\toks16
)
(/home/gongcongcong/.TinyTeX/texmf-dist/tex/latex/tools/bm.sty
Package: bm 2021/04/25 v1.2e Bold Symbol Support (DPC/FMi)
\symboldoperators=\mathgroup4
\symboldletters=\mathgroup5
\symboldsymbols=\mathgroup6
Package bm Info: No bold for \OMX/cmex/m/n, using \pmb.
LaTeX Font Info:    Redeclaring math alphabet \mathbf on input line 149.
)
(/home/gongcongcong/.TinyTeX/texmf-dist/tex/latex/base/alltt.sty
Package: alltt 2021/01/29 v2.0g defines alltt environment
)
(/home/gongcongcong/.TinyTeX/texmf-dist/tex/latex/tools/verbatim.sty
Package: verbatim 2020-07-07 v1.5u LaTeX2e package for verbatim enhancements
\every@verbatim=\toks17
\verbatim@line=\toks18
\verbatim@in@stream=\read2
)
(/home/gongcongcong/.TinyTeX/texmf-dist/tex/latex/url/url.sty
\Urlmuskip=\muskip16
Package: url 2013/09/16  ver 3.4  Verb mode for urls, etc.
)
(/home/gongcongcong/.TinyTeX/texmf-dist/tex/latex/base/textcomp.sty
Package: textcomp 2020/02/02 v2.0n Standard LaTeX package
)
\ldescriptionwidth=\skip53

(/home/gongcongcong/.TinyTeX/texmf-dist/tex/latex/base/fontenc.sty
Package: fontenc 2021/04/29 v2.0v Standard LaTeX package
)
(/home/gongcongcong/.TinyTeX/texmf-dist/tex/latex/psnfss/times.sty
Package: times 2020/03/25 PSNFSS-v9.3 (SPQR) 
)
(/home/gongcongcong/.TinyTeX/texmf-dist/tex/latex/graphics/color.sty
Package: color 2020/02/24 v1.2b Standard LaTeX Color (DPC)

(/home/gongcongcong/.TinyTeX/texmf-dist/tex/latex/graphics-cfg/color.cfg
File: color.cfg 2016/01/02 v1.6 sample color configuration
)
Package color Info: Driver file: pdftex.def on input line 149.

(/home/gongcongcong/.TinyTeX/texmf-dist/tex/latex/graphics-def/pdftex.def
File: pdftex.def 2020/10/05 v1.2a Graphics/color driver for pdftex
))
(/home/gongcongcong/.TinyTeX/texmf-dist/tex/latex/hyperref/hyperref.sty
Package: hyperref 2021-02-27 v7.00k Hypertext links for LaTeX

(/home/gongcongcong/.TinyTeX/texmf-dist/tex/generic/ltxcmds/ltxcmds.sty
Package: ltxcmds 2020-05-10 v1.25 LaTeX kernel commands for general use (HO)
)
(/home/gongcongcong/.TinyTeX/texmf-dist/tex/generic/iftex/iftex.sty
Package: iftex 2020/03/06 v1.0d TeX engine tests
)
(/home/gongcongcong/.TinyTeX/texmf-dist/tex/generic/pdftexcmds/pdftexcmds.sty
Package: pdftexcmds 2020-06-27 v0.33 Utility functions of pdfTeX for LuaTeX (HO
)

(/home/gongcongcong/.TinyTeX/texmf-dist/tex/generic/infwarerr/infwarerr.sty
Package: infwarerr 2019/12/03 v1.5 Providing info/warning/error messages (HO)
)
Package pdftexcmds Info: \pdf@primitive is available.
Package pdftexcmds Info: \pdf@ifprimitive is available.
Package pdftexcmds Info: \pdfdraftmode found.
)
(/home/gongcongcong/.TinyTeX/texmf-dist/tex/latex/graphics/keyval.sty
Package: keyval 2014/10/28 v1.15 key=value parser (DPC)
\KV@toks@=\toks19
)
(/home/gongcongcong/.TinyTeX/texmf-dist/tex/generic/kvsetkeys/kvsetkeys.sty
Package: kvsetkeys 2019/12/15 v1.18 Key value parser (HO)
)
(/home/gongcongcong/.TinyTeX/texmf-dist/tex/generic/kvdefinekeys/kvdefinekeys.s
ty
Package: kvdefinekeys 2019-12-19 v1.6 Define keys (HO)
) (/home/gongcongcong/.TinyTeX/texmf-dist/tex/generic/pdfescape/pdfescape.sty
Package: pdfescape 2019/12/09 v1.15 Implements pdfTeX's escape features (HO)
) (/home/gongcongcong/.TinyTeX/texmf-dist/tex/latex/hycolor/hycolor.sty
Package: hycolor 2020-01-27 v1.10 Color options for hyperref/bookmark (HO)
)
(/home/gongcongcong/.TinyTeX/texmf-dist/tex/latex/letltxmacro/letltxmacro.sty
Package: letltxmacro 2019/12/03 v1.6 Let assignment for LaTeX macros (HO)
)
(/home/gongcongcong/.TinyTeX/texmf-dist/tex/latex/auxhook/auxhook.sty
Package: auxhook 2019-12-17 v1.6 Hooks for auxiliary files (HO)
)
(/home/gongcongcong/.TinyTeX/texmf-dist/tex/latex/kvoptions/kvoptions.sty
Package: kvoptions 2020-10-07 v3.14 Key value format for package options (HO)
)
\@linkdim=\dimen140
\Hy@linkcounter=\count196
\Hy@pagecounter=\count197

(/home/gongcongcong/.TinyTeX/texmf-dist/tex/latex/hyperref/pd1enc.def
File: pd1enc.def 2021-02-27 v7.00k Hyperref: PDFDocEncoding definition (HO)
Now handling font encoding PD1 ...
... no UTF-8 mapping file for font encoding PD1
)
(/home/gongcongcong/.TinyTeX/texmf-dist/tex/latex/hyperref/hyperref-langpatches
.def
File: hyperref-langpatches.def 2021-02-27 v7.00k Hyperref: patches for babel la
nguages
) (/home/gongcongcong/.TinyTeX/texmf-dist/tex/generic/intcalc/intcalc.sty
Package: intcalc 2019/12/15 v1.3 Expandable calculations with integers (HO)
)
(/home/gongcongcong/.TinyTeX/texmf-dist/tex/generic/etexcmds/etexcmds.sty
Package: etexcmds 2019/12/15 v1.7 Avoid name clashes with e-TeX commands (HO)
)
\Hy@SavedSpaceFactor=\count198

(/home/gongcongcong/.TinyTeX/texmf-dist/tex/latex/hyperref/puenc.def
File: puenc.def 2021-02-27 v7.00k Hyperref: PDF Unicode definition (HO)
Now handling font encoding PU ...
... no UTF-8 mapping file for font encoding PU
)
Package hyperref Info: Hyper figures OFF on input line 4192.
Package hyperref Info: Link nesting OFF on input line 4197.
Package hyperref Info: Hyper index ON on input line 4200.
Package hyperref Info: Plain pages OFF on input line 4207.
Package hyperref Info: Backreferencing OFF on input line 4212.
Package hyperref Info: Implicit mode ON; LaTeX internals redefined.
Package hyperref Info: Bookmarks ON on input line 4445.
\c@Hy@tempcnt=\count199
LaTeX Info: Redefining \url on input line 4804.
\XeTeXLinkMargin=\dimen141

(/home/gongcongcong/.TinyTeX/texmf-dist/tex/generic/bitset/bitset.sty
Package: bitset 2019/12/09 v1.3 Handle bit-vector datatype (HO)

(/home/gongcongcong/.TinyTeX/texmf-dist/tex/generic/bigintcalc/bigintcalc.sty
Package: bigintcalc 2019/12/15 v1.5 Expandable calculations on big integers (HO
)
))
\Fld@menulength=\count266
\Field@Width=\dimen142
\Fld@charsize=\dimen143
Package hyperref Info: Hyper figures OFF on input line 6075.
Package hyperref Info: Link nesting OFF on input line 6080.
Package hyperref Info: Hyper index ON on input line 6083.
Package hyperref Info: backreferencing OFF on input line 6090.
Package hyperref Info: Link coloring OFF on input line 6095.
Package hyperref Info: Link coloring with OCG OFF on input line 6100.
Package hyperref Info: PDF/A mode OFF on input line 6105.
LaTeX Info: Redefining \ref on input line 6145.
LaTeX Info: Redefining \pageref on input line 6149.
(/home/gongcongcong/.TinyTeX/texmf-dist/tex/latex/base/atbegshi-ltx.sty
Package: atbegshi-ltx 2021/01/10 v1.0c Emulation of the original atbegshi
package with kernel methods
)
\Hy@abspage=\count267
\c@Item=\count268
\c@Hfootnote=\count269


LaTeX Warning: Command \LT@p@ftntext  has changed.
               Check if current package is valid.

)
Package hyperref Info: Driver (autodetected): hpdftex.
 (/home/gongcongcong/.TinyTeX/texmf-dist/tex/latex/hyperref/hpdftex.def
File: hpdftex.def 2021-02-27 v7.00k Hyperref driver for pdfTeX

(/home/gongcongcong/.TinyTeX/texmf-dist/tex/latex/base/atveryend-ltx.sty
Package: atveryend-ltx 2020/08/19 v1.0a Emulation of the original atvery packag
e
with kernel methods
)
\Fld@listcount=\count270
\c@bookmark@seq@number=\count271

(/home/gongcongcong/.TinyTeX/texmf-dist/tex/latex/rerunfilecheck/rerunfilecheck
.sty
Package: rerunfilecheck 2019/12/05 v1.9 Rerun checks for auxiliary files (HO)

(/home/gongcongcong/.TinyTeX/texmf-dist/tex/generic/uniquecounter/uniquecounter
.sty
Package: uniquecounter 2019/12/15 v1.4 Provide unlimited unique counter (HO)
)
Package uniquecounter Info: New unique counter `rerunfilecheck' on input line 2
86.
)
\Hy@SectionHShift=\skip54
)

Package hyperref Warning: Option `hyperindex' has already been used,
(hyperref)                setting the option has no effect on input line 377.

Package hyperref Info: Option `colorlinks' set `true' on input line 377.

Package hyperref Warning: Option `pagebackref' has already been used,
(hyperref)                setting the option has no effect on input line 377.

Package hyperref Info: Option `linktocpage' set `true' on input line 377.
Package hyperref Info: Option `plainpages' set `false' on input line 377.
) (/home/gongcongcong/.TinyTeX/texmf-dist/tex/latex/base/makeidx.sty
Package: makeidx 2014/09/29 v1.0m Standard LaTeX package
)
(/home/gongcongcong/.TinyTeX/texmf-dist/tex/latex/base/inputenc.sty
Package: inputenc 2021/02/14 v1.3d Input encoding file
\inpenc@prehook=\toks20
\inpenc@posthook=\toks21
)
\@indexfile=\write3
\openout3 = `Rd2.idx'.


Writing index file Rd2.idx
LaTeX Font Info:    Trying to load font information for T1+ptm on input line 8.

(/home/gongcongcong/.TinyTeX/texmf-dist/tex/latex/psnfss/t1ptm.fd
File: t1ptm.fd 2001/06/04 font definitions for T1/ptm.
)
(/home/gongcongcong/.TinyTeX/texmf-dist/tex/latex/l3backend/l3backend-pdftex.de
f
File: l3backend-pdftex.def 2021-05-07 L3 backend support: PDF output (pdfTeX)
\l__color_backend_stack_int=\count272
\l__pdf_internal_box=\box55
) (./Rd2.aux)
\openout1 = `Rd2.aux'.

LaTeX Font Info:    Checking defaults for OML/cmm/m/it on input line 8.
LaTeX Font Info:    ... okay on input line 8.
LaTeX Font Info:    Checking defaults for OMS/cmsy/m/n on input line 8.
LaTeX Font Info:    ... okay on input line 8.
LaTeX Font Info:    Checking defaults for OT1/cmr/m/n on input line 8.
LaTeX Font Info:    ... okay on input line 8.
LaTeX Font Info:    Checking defaults for T1/cmr/m/n on input line 8.
LaTeX Font Info:    ... okay on input line 8.
LaTeX Font Info:    Checking defaults for TS1/cmr/m/n on input line 8.
LaTeX Font Info:    ... okay on input line 8.
LaTeX Font Info:    Checking defaults for OMX/cmex/m/n on input line 8.
LaTeX Font Info:    ... okay on input line 8.
LaTeX Font Info:    Checking defaults for U/cmr/m/n on input line 8.
LaTeX Font Info:    ... okay on input line 8.
LaTeX Font Info:    Checking defaults for PD1/pdf/m/n on input line 8.
LaTeX Font Info:    ... okay on input line 8.
LaTeX Font Info:    Checking defaults for PU/pdf/m/n on input line 8.
LaTeX Font Info:    ... okay on input line 8.

(/home/gongcongcong/.TinyTeX/texmf-dist/tex/context/base/mkii/supp-pdf.mkii
[Loading MPS to PDF converter (version 2006.09.02).]
\scratchcounter=\count273
\scratchdimen=\dimen144
\scratchbox=\box56
\nofMPsegments=\count274
\nofMParguments=\count275
\everyMPshowfont=\toks22
\MPscratchCnt=\count276
\MPscratchDim=\dimen145
\MPnumerator=\count277
\makeMPintoPDFobject=\count278
\everyMPtoPDFconversion=\toks23
)
Package hyperref Info: Link coloring ON on input line 8.
 (/home/gongcongcong/.TinyTeX/texmf-dist/tex/latex/hyperref/nameref.sty
Package: nameref 2021-04-02 v2.47 Cross-referencing by name of section

(/home/gongcongcong/.TinyTeX/texmf-dist/tex/latex/refcount/refcount.sty
Package: refcount 2019/12/15 v3.6 Data extraction from label references (HO)
)
(/home/gongcongcong/.TinyTeX/texmf-dist/tex/generic/gettitlestring/gettitlestri
ng.sty
Package: gettitlestring 2019/12/15 v1.6 Cleanup title references (HO)
)
\c@section@level=\count279
)
LaTeX Info: Redefining \ref on input line 8.
LaTeX Info: Redefining \pageref on input line 8.
LaTeX Info: Redefining \nameref on input line 8.
 (./Rd2.out) (./Rd2.out)
\@outlinefile=\write4
\openout4 = `Rd2.out'.

LaTeX Font Info:    Trying to load font information for T1+pcr on input line 21
.

(/home/gongcongcong/.TinyTeX/texmf-dist/tex/latex/psnfss/t1pcr.fd
File: t1pcr.fd 2001/06/04 font definitions for T1/pcr.
)
LaTeX Font Info:    Trying to load font information for T1+phv on input line 30
.

(/home/gongcongcong/.TinyTeX/texmf-dist/tex/latex/psnfss/t1phv.fd
File: t1phv.fd 2020/03/25 scalable font definitions for T1/phv.
) (./Rd2.toc
LaTeX Font Info:    External font `cmex10' loaded for size
(Font)              <7> on input line 1.
LaTeX Font Info:    External font `cmex10' loaded for size
(Font)              <5> on input line 1.
)
\tf@toc=\write5
\openout5 = `Rd2.toc'.


[1


{/home/gongcongcong/.TinyTeX/texmf-var/fonts/map/pdftex/updmap/pdftex.map}]
LaTeX Font Info:    Trying to load font information for TS1+pcr on input line 6
7.

(/home/gongcongcong/.TinyTeX/texmf-dist/tex/latex/psnfss/ts1pcr.fd
File: ts1pcr.fd 2001/06/04 font definitions for TS1/pcr.
) [2]
[3]
Overfull \hbox (48.78088pt too wide) in paragraph at lines 196--196
 []\T1/pcr/m/n/10 pickST(m, threshold.d = 0.05, threshold = 0.8, plot = TRUE, p
owers = NULL) 
 []

[4] [5] [6] (./Rd2.ind [7]
LaTeX Font Info:    Font shape `T1/pcr/m/it' in size <10> not available
(Font)              Font shape `T1/pcr/m/sl' tried instead on input line 9.
 [8


]) (./Rd2.aux)
Package rerunfilecheck Info: File `Rd2.out' has not changed.
(rerunfilecheck)             Checksum: 5C9AC69BD4CC849E274E4BCAA7E38BD4;1890.
 ) 
Here is how much of TeX's memory you used:
 8546 strings out of 480497
 125519 string characters out of 5899034
 433225 words of memory out of 5000000
 26008 multiletter control sequences out of 15000+600000
 437070 words of font info for 62 fonts, out of 8000000 for 9000
 14 hyphenation exceptions out of 8191
 77i,5n,82p,215b,584s stack positions out of 5000i,500n,10000p,200000b,80000s
{/home/gongcongcong/.TinyTeX/texmf-dist/fonts/enc/dvips/base/8r.enc}</home/go
ngcongcong/.TinyTeX/texmf-dist/fonts/type1/urw/courier/ucrr8a.pfb></home/gongco
ngcong/.TinyTeX/texmf-dist/fonts/type1/urw/courier/ucrro8a.pfb></home/gongcongc
ong/.TinyTeX/texmf-dist/fonts/type1/urw/helvetic/uhvr8a.pfb></home/gongcongcong
/.TinyTeX/texmf-dist/fonts/type1/urw/times/utmb8a.pfb></home/gongcongcong/.Tiny
TeX/texmf-dist/fonts/type1/urw/times/utmr8a.pfb></home/gongcongcong/.TinyTeX/te
xmf-dist/fonts/type1/urw/times/utmr8a.pfb></home/gongcongcong/.TinyTeX/texmf-di
st/fonts/type1/urw/times/utmri8a.pfb>
Output written on Rd2.pdf (8 pages, 92191 bytes).
PDF statistics:
 275 PDF objects out of 1000 (max. 8388607)
 248 compressed objects within 3 object streams
 88 named destinations out of 1000 (max. 500000)
 153 words of extra memory for PDF output out of 10000 (max. 10000000)

