Hmm ... looks like a package
This is pdfTeX, Version 3.141592653-2.6-1.40.22 (TeX Live 2021) (preloaded format=pdflatex)
 restricted \write18 enabled.
entering extended mode
(./Rd2.tex
LaTeX2e <2021-06-01>
L3 programming layer <2021-06-01>
(/home/gongcongcong/.TinyTeX/texmf-dist/tex/latex/base/book.cls
Document Class: book 2021/02/12 v1.4n Standard LaTeX document class
(/home/gongcongcong/.TinyTeX/texmf-dist/tex/latex/base/bk10.clo))
(/usr/local/R-3.6.1/share/texmf/tex/latex/Rd.sty
(/home/gongcongcong/.TinyTeX/texmf-dist/tex/latex/base/ifthen.sty)
(/home/gongcongcong/.TinyTeX/texmf-dist/tex/latex/tools/longtable.sty)
(/home/gongcongcong/.TinyTeX/texmf-dist/tex/latex/tools/bm.sty)
(/home/gongcongcong/.TinyTeX/texmf-dist/tex/latex/base/alltt.sty)
(/home/gongcongcong/.TinyTeX/texmf-dist/tex/latex/tools/verbatim.sty)
(/home/gongcongcong/.TinyTeX/texmf-dist/tex/latex/url/url.sty)
(/home/gongcongcong/.TinyTeX/texmf-dist/tex/latex/base/textcomp.sty)
(/home/gongcongcong/.TinyTeX/texmf-dist/tex/latex/base/fontenc.sty)
(/home/gongcongcong/.TinyTeX/texmf-dist/tex/latex/psnfss/times.sty)
(/home/gongcongcong/.TinyTeX/texmf-dist/tex/latex/graphics/color.sty
(/home/gongcongcong/.TinyTeX/texmf-dist/tex/latex/graphics-cfg/color.cfg)
(/home/gongcongcong/.TinyTeX/texmf-dist/tex/latex/graphics-def/pdftex.def))
(/home/gongcongcong/.TinyTeX/texmf-dist/tex/latex/hyperref/hyperref.sty
(/home/gongcongcong/.TinyTeX/texmf-dist/tex/generic/ltxcmds/ltxcmds.sty)
(/home/gongcongcong/.TinyTeX/texmf-dist/tex/generic/iftex/iftex.sty)
(/home/gongcongcong/.TinyTeX/texmf-dist/tex/generic/pdftexcmds/pdftexcmds.sty
(/home/gongcongcong/.TinyTeX/texmf-dist/tex/generic/infwarerr/infwarerr.sty))
(/home/gongcongcong/.TinyTeX/texmf-dist/tex/latex/graphics/keyval.sty)
(/home/gongcongcong/.TinyTeX/texmf-dist/tex/generic/kvsetkeys/kvsetkeys.sty)
(/home/gongcongcong/.TinyTeX/texmf-dist/tex/generic/kvdefinekeys/kvdefinekeys.s
ty) (/home/gongcongcong/.TinyTeX/texmf-dist/tex/generic/pdfescape/pdfescape.sty
) (/home/gongcongcong/.TinyTeX/texmf-dist/tex/latex/hycolor/hycolor.sty)
(/home/gongcongcong/.TinyTeX/texmf-dist/tex/latex/letltxmacro/letltxmacro.sty)
(/home/gongcongcong/.TinyTeX/texmf-dist/tex/latex/auxhook/auxhook.sty)
(/home/gongcongcong/.TinyTeX/texmf-dist/tex/latex/kvoptions/kvoptions.sty)
(/home/gongcongcong/.TinyTeX/texmf-dist/tex/latex/hyperref/pd1enc.def)
(/home/gongcongcong/.TinyTeX/texmf-dist/tex/latex/hyperref/hyperref-langpatches
.def) (/home/gongcongcong/.TinyTeX/texmf-dist/tex/generic/intcalc/intcalc.sty)
(/home/gongcongcong/.TinyTeX/texmf-dist/tex/generic/etexcmds/etexcmds.sty)
(/home/gongcongcong/.TinyTeX/texmf-dist/tex/latex/hyperref/puenc.def)
(/home/gongcongcong/.TinyTeX/texmf-dist/tex/generic/bitset/bitset.sty
(/home/gongcongcong/.TinyTeX/texmf-dist/tex/generic/bigintcalc/bigintcalc.sty))
(/home/gongcongcong/.TinyTeX/texmf-dist/tex/latex/base/atbegshi-ltx.sty)

LaTeX Warning: Command \LT@p@ftntext  has changed.
               Check if current package is valid.

) (/home/gongcongcong/.TinyTeX/texmf-dist/tex/latex/hyperref/hpdftex.def
(/home/gongcongcong/.TinyTeX/texmf-dist/tex/latex/base/atveryend-ltx.sty)
(/home/gongcongcong/.TinyTeX/texmf-dist/tex/latex/rerunfilecheck/rerunfilecheck
.sty
(/home/gongcongcong/.TinyTeX/texmf-dist/tex/generic/uniquecounter/uniquecounter
.sty)))

Package hyperref Warning: Option `hyperindex' has already been used,
(hyperref)                setting the option has no effect on input line 377.


Package hyperref Warning: Option `pagebackref' has already been used,
(hyperref)                setting the option has no effect on input line 377.

) (/home/gongcongcong/.TinyTeX/texmf-dist/tex/latex/base/makeidx.sty)
(/home/gongcongcong/.TinyTeX/texmf-dist/tex/latex/base/inputenc.sty)
Writing index file Rd2.idx
(/home/gongcongcong/.TinyTeX/texmf-dist/tex/latex/psnfss/t1ptm.fd)
(/home/gongcongcong/.TinyTeX/texmf-dist/tex/latex/l3backend/l3backend-pdftex.de
f)
No file Rd2.aux.
(/home/gongcongcong/.TinyTeX/texmf-dist/tex/context/base/mkii/supp-pdf.mkii
[Loading MPS to PDF converter (version 2006.09.02).]
) (/home/gongcongcong/.TinyTeX/texmf-dist/tex/latex/hyperref/nameref.sty
(/home/gongcongcong/.TinyTeX/texmf-dist/tex/latex/refcount/refcount.sty)
(/home/gongcongcong/.TinyTeX/texmf-dist/tex/generic/gettitlestring/gettitlestri
ng.sty)) (/home/gongcongcong/.TinyTeX/texmf-dist/tex/latex/psnfss/t1pcr.fd)
(/home/gongcongcong/.TinyTeX/texmf-dist/tex/latex/psnfss/t1phv.fd) [1{/home/gon
gcongcong/.TinyTeX/texmf-var/fonts/map/pdftex/updmap/pdftex.map}]
(/home/gongcongcong/.TinyTeX/texmf-dist/tex/latex/psnfss/ts1pcr.fd) [2]
[3]
Overfull \hbox (48.78088pt too wide) in paragraph at lines 196--196
 []\T1/pcr/m/n/10 pickST(m, threshold.d = 0.05, threshold = 0.8, plot = TRUE, p
owers = NULL) 
[4] [5]
No file Rd2.ind.
[6] (./Rd2.aux)

Package rerunfilecheck Warning: File `Rd2.out' has changed.
(rerunfilecheck)                Rerun to get outlines right
(rerunfilecheck)                or use package `bookmark'.

 )
(see the transcript file for additional information){/home/gongcongcong/.TinyTe
X/texmf-dist/fonts/enc/dvips/base/8r.enc}</home/gongcongcong/.TinyTeX/texmf-dis
t/fonts/type1/urw/courier/ucrr8a.pfb></home/gongcongcong/.TinyTeX/texmf-dist/fo
nts/type1/urw/helvetic/uhvr8a.pfb></home/gongcongcong/.TinyTeX/texmf-dist/fonts
/type1/urw/times/utmb8a.pfb></home/gongcongcong/.TinyTeX/texmf-dist/fonts/type1
/urw/times/utmr8a.pfb></home/gongcongcong/.TinyTeX/texmf-dist/fonts/type1/urw/t
imes/utmr8a.pfb></home/gongcongcong/.TinyTeX/texmf-dist/fonts/type1/urw/times/u
tmri8a.pfb>
Output written on Rd2.pdf (6 pages, 79760 bytes).
Transcript written on Rd2.log.
warning: kpathsea: configuration file texmf.cnf not found in these directories: /usr/bin:/usr/bin/share/texmf-local/web2c:/usr/bin/share/texmf-dist/web2c:/usr/bin/share/texmf/web2c:/usr/bin/texmf-local/web2c:/usr/bin/texmf-dist/web2c:/usr/bin/texmf/web2c:/usr:/usr/share/texmf-local/web2c:/usr/share/texmf-dist/web2c:/usr/share/texmf/web2c:/usr/texmf-local/web2c:/usr/texmf-dist/web2c:/usr/texmf/web2c:/usr/share/texlive/../texmf-local/web2c:/usr/share/texlive:/usr/share/texlive/share/texmf-local/web2c:/usr/share/texlive/share/texmf-dist/web2c:/usr/share/texlive/share/texmf/web2c:/usr/share/texlive/texmf-local/web2c:/usr/share/texlive/texmf-dist/web2c:/usr/share/texlive/texmf/web2c.
This is makeindex, version 2.15 [TeX Live 2013] (kpathsea + Thai support).
Scanning input file Rd2.idx....done (20 entries accepted, 0 rejected).
Sorting entries....done (77 comparisons).
Generating output file Rd2.ind....done (44 lines written, 0 warnings).
Output written in Rd2.ind.
Transcript written in Rd2.ilg.
This is pdfTeX, Version 3.141592653-2.6-1.40.22 (TeX Live 2021) (preloaded format=pdflatex)
 restricted \write18 enabled.
entering extended mode
(./Rd2.tex
LaTeX2e <2021-06-01>
L3 programming layer <2021-06-01>
(/home/gongcongcong/.TinyTeX/texmf-dist/tex/latex/base/book.cls
Document Class: book 2021/02/12 v1.4n Standard LaTeX document class
(/home/gongcongcong/.TinyTeX/texmf-dist/tex/latex/base/bk10.clo))
(/usr/local/R-3.6.1/share/texmf/tex/latex/Rd.sty
(/home/gongcongcong/.TinyTeX/texmf-dist/tex/latex/base/ifthen.sty)
(/home/gongcongcong/.TinyTeX/texmf-dist/tex/latex/tools/longtable.sty)
(/home/gongcongcong/.TinyTeX/texmf-dist/tex/latex/tools/bm.sty)
(/home/gongcongcong/.TinyTeX/texmf-dist/tex/latex/base/alltt.sty)
(/home/gongcongcong/.TinyTeX/texmf-dist/tex/latex/tools/verbatim.sty)
(/home/gongcongcong/.TinyTeX/texmf-dist/tex/latex/url/url.sty)
(/home/gongcongcong/.TinyTeX/texmf-dist/tex/latex/base/textcomp.sty)
(/home/gongcongcong/.TinyTeX/texmf-dist/tex/latex/base/fontenc.sty)
(/home/gongcongcong/.TinyTeX/texmf-dist/tex/latex/psnfss/times.sty)
(/home/gongcongcong/.TinyTeX/texmf-dist/tex/latex/graphics/color.sty
(/home/gongcongcong/.TinyTeX/texmf-dist/tex/latex/graphics-cfg/color.cfg)
(/home/gongcongcong/.TinyTeX/texmf-dist/tex/latex/graphics-def/pdftex.def))
(/home/gongcongcong/.TinyTeX/texmf-dist/tex/latex/hyperref/hyperref.sty
(/home/gongcongcong/.TinyTeX/texmf-dist/tex/generic/ltxcmds/ltxcmds.sty)
(/home/gongcongcong/.TinyTeX/texmf-dist/tex/generic/iftex/iftex.sty)
(/home/gongcongcong/.TinyTeX/texmf-dist/tex/generic/pdftexcmds/pdftexcmds.sty
(/home/gongcongcong/.TinyTeX/texmf-dist/tex/generic/infwarerr/infwarerr.sty))
(/home/gongcongcong/.TinyTeX/texmf-dist/tex/latex/graphics/keyval.sty)
(/home/gongcongcong/.TinyTeX/texmf-dist/tex/generic/kvsetkeys/kvsetkeys.sty)
(/home/gongcongcong/.TinyTeX/texmf-dist/tex/generic/kvdefinekeys/kvdefinekeys.s
ty) (/home/gongcongcong/.TinyTeX/texmf-dist/tex/generic/pdfescape/pdfescape.sty
) (/home/gongcongcong/.TinyTeX/texmf-dist/tex/latex/hycolor/hycolor.sty)
(/home/gongcongcong/.TinyTeX/texmf-dist/tex/latex/letltxmacro/letltxmacro.sty)
(/home/gongcongcong/.TinyTeX/texmf-dist/tex/latex/auxhook/auxhook.sty)
(/home/gongcongcong/.TinyTeX/texmf-dist/tex/latex/kvoptions/kvoptions.sty)
(/home/gongcongcong/.TinyTeX/texmf-dist/tex/latex/hyperref/pd1enc.def)
(/home/gongcongcong/.TinyTeX/texmf-dist/tex/latex/hyperref/hyperref-langpatches
.def) (/home/gongcongcong/.TinyTeX/texmf-dist/tex/generic/intcalc/intcalc.sty)
(/home/gongcongcong/.TinyTeX/texmf-dist/tex/generic/etexcmds/etexcmds.sty)
(/home/gongcongcong/.TinyTeX/texmf-dist/tex/latex/hyperref/puenc.def)
(/home/gongcongcong/.TinyTeX/texmf-dist/tex/generic/bitset/bitset.sty
(/home/gongcongcong/.TinyTeX/texmf-dist/tex/generic/bigintcalc/bigintcalc.sty))
(/home/gongcongcong/.TinyTeX/texmf-dist/tex/latex/base/atbegshi-ltx.sty)

LaTeX Warning: Command \LT@p@ftntext  has changed.
               Check if current package is valid.

) (/home/gongcongcong/.TinyTeX/texmf-dist/tex/latex/hyperref/hpdftex.def
(/home/gongcongcong/.TinyTeX/texmf-dist/tex/latex/base/atveryend-ltx.sty)
(/home/gongcongcong/.TinyTeX/texmf-dist/tex/latex/rerunfilecheck/rerunfilecheck
.sty
(/home/gongcongcong/.TinyTeX/texmf-dist/tex/generic/uniquecounter/uniquecounter
.sty)))

Package hyperref Warning: Option `hyperindex' has already been used,
(hyperref)                setting the option has no effect on input line 377.


Package hyperref Warning: Option `pagebackref' has already been used,
(hyperref)                setting the option has no effect on input line 377.

) (/home/gongcongcong/.TinyTeX/texmf-dist/tex/latex/base/makeidx.sty)
(/home/gongcongcong/.TinyTeX/texmf-dist/tex/latex/base/inputenc.sty)
Writing index file Rd2.idx
(/home/gongcongcong/.TinyTeX/texmf-dist/tex/latex/psnfss/t1ptm.fd)
(/home/gongcongcong/.TinyTeX/texmf-dist/tex/latex/l3backend/l3backend-pdftex.de
f) (./Rd2.aux)
(/home/gongcongcong/.TinyTeX/texmf-dist/tex/context/base/mkii/supp-pdf.mkii
[Loading MPS to PDF converter (version 2006.09.02).]
) (/home/gongcongcong/.TinyTeX/texmf-dist/tex/latex/hyperref/nameref.sty
(/home/gongcongcong/.TinyTeX/texmf-dist/tex/latex/refcount/refcount.sty)
(/home/gongcongcong/.TinyTeX/texmf-dist/tex/generic/gettitlestring/gettitlestri
ng.sty)) (./Rd2.out) (./Rd2.out)
(/home/gongcongcong/.TinyTeX/texmf-dist/tex/latex/psnfss/t1pcr.fd)
(/home/gongcongcong/.TinyTeX/texmf-dist/tex/latex/psnfss/t1phv.fd) (./Rd2.toc)
[1{/home/gongcongcong/.TinyTeX/texmf-var/fonts/map/pdftex/updmap/pdftex.map}]
(/home/gongcongcong/.TinyTeX/texmf-dist/tex/latex/psnfss/ts1pcr.fd) [2]
[3]
Overfull \hbox (48.78088pt too wide) in paragraph at lines 196--196
 []\T1/pcr/m/n/10 pickST(m, threshold.d = 0.05, threshold = 0.8, plot = TRUE, p
owers = NULL) 
[4] [5] [6] (./Rd2.ind [7] [8]) (./Rd2.aux)

Package rerunfilecheck Warning: File `Rd2.out' has changed.
(rerunfilecheck)                Rerun to get outlines right
(rerunfilecheck)                or use package `bookmark'.

 )
(see the transcript file for additional information){/home/gongcongcong/.TinyTe
X/texmf-dist/fonts/enc/dvips/base/8r.enc}</home/gongcongcong/.TinyTeX/texmf-dis
t/fonts/type1/urw/courier/ucrr8a.pfb></home/gongcongcong/.TinyTeX/texmf-dist/fo
nts/type1/urw/courier/ucrro8a.pfb></home/gongcongcong/.TinyTeX/texmf-dist/fonts
/type1/urw/helvetic/uhvr8a.pfb></home/gongcongcong/.TinyTeX/texmf-dist/fonts/ty
pe1/urw/times/utmb8a.pfb></home/gongcongcong/.TinyTeX/texmf-dist/fonts/type1/ur
w/times/utmr8a.pfb></home/gongcongcong/.TinyTeX/texmf-dist/fonts/type1/urw/time
s/utmr8a.pfb></home/gongcongcong/.TinyTeX/texmf-dist/fonts/type1/urw/times/utmr
i8a.pfb>
Output written on Rd2.pdf (8 pages, 91389 bytes).
Transcript written on Rd2.log.
warning: kpathsea: configuration file texmf.cnf not found in these directories: /usr/bin:/usr/bin/share/texmf-local/web2c:/usr/bin/share/texmf-dist/web2c:/usr/bin/share/texmf/web2c:/usr/bin/texmf-local/web2c:/usr/bin/texmf-dist/web2c:/usr/bin/texmf/web2c:/usr:/usr/share/texmf-local/web2c:/usr/share/texmf-dist/web2c:/usr/share/texmf/web2c:/usr/texmf-local/web2c:/usr/texmf-dist/web2c:/usr/texmf/web2c:/usr/share/texlive/../texmf-local/web2c:/usr/share/texlive:/usr/share/texlive/share/texmf-local/web2c:/usr/share/texlive/share/texmf-dist/web2c:/usr/share/texlive/share/texmf/web2c:/usr/share/texlive/texmf-local/web2c:/usr/share/texlive/texmf-dist/web2c:/usr/share/texlive/texmf/web2c.
This is makeindex, version 2.15 [TeX Live 2013] (kpathsea + Thai support).
Scanning input file Rd2.idx....done (20 entries accepted, 0 rejected).
Sorting entries....done (77 comparisons).
Generating output file Rd2.ind....done (44 lines written, 0 warnings).
Output written in Rd2.ind.
Transcript written in Rd2.ilg.
This is pdfTeX, Version 3.141592653-2.6-1.40.22 (TeX Live 2021) (preloaded format=pdflatex)
 restricted \write18 enabled.
entering extended mode
(./Rd2.tex
LaTeX2e <2021-06-01>
L3 programming layer <2021-06-01>
(/home/gongcongcong/.TinyTeX/texmf-dist/tex/latex/base/book.cls
Document Class: book 2021/02/12 v1.4n Standard LaTeX document class
(/home/gongcongcong/.TinyTeX/texmf-dist/tex/latex/base/bk10.clo))
(/usr/local/R-3.6.1/share/texmf/tex/latex/Rd.sty
(/home/gongcongcong/.TinyTeX/texmf-dist/tex/latex/base/ifthen.sty)
(/home/gongcongcong/.TinyTeX/texmf-dist/tex/latex/tools/longtable.sty)
(/home/gongcongcong/.TinyTeX/texmf-dist/tex/latex/tools/bm.sty)
(/home/gongcongcong/.TinyTeX/texmf-dist/tex/latex/base/alltt.sty)
(/home/gongcongcong/.TinyTeX/texmf-dist/tex/latex/tools/verbatim.sty)
(/home/gongcongcong/.TinyTeX/texmf-dist/tex/latex/url/url.sty)
(/home/gongcongcong/.TinyTeX/texmf-dist/tex/latex/base/textcomp.sty)
(/home/gongcongcong/.TinyTeX/texmf-dist/tex/latex/base/fontenc.sty)
(/home/gongcongcong/.TinyTeX/texmf-dist/tex/latex/psnfss/times.sty)
(/home/gongcongcong/.TinyTeX/texmf-dist/tex/latex/graphics/color.sty
(/home/gongcongcong/.TinyTeX/texmf-dist/tex/latex/graphics-cfg/color.cfg)
(/home/gongcongcong/.TinyTeX/texmf-dist/tex/latex/graphics-def/pdftex.def))
(/home/gongcongcong/.TinyTeX/texmf-dist/tex/latex/hyperref/hyperref.sty
(/home/gongcongcong/.TinyTeX/texmf-dist/tex/generic/ltxcmds/ltxcmds.sty)
(/home/gongcongcong/.TinyTeX/texmf-dist/tex/generic/iftex/iftex.sty)
(/home/gongcongcong/.TinyTeX/texmf-dist/tex/generic/pdftexcmds/pdftexcmds.sty
(/home/gongcongcong/.TinyTeX/texmf-dist/tex/generic/infwarerr/infwarerr.sty))
(/home/gongcongcong/.TinyTeX/texmf-dist/tex/latex/graphics/keyval.sty)
(/home/gongcongcong/.TinyTeX/texmf-dist/tex/generic/kvsetkeys/kvsetkeys.sty)
(/home/gongcongcong/.TinyTeX/texmf-dist/tex/generic/kvdefinekeys/kvdefinekeys.s
ty) (/home/gongcongcong/.TinyTeX/texmf-dist/tex/generic/pdfescape/pdfescape.sty
) (/home/gongcongcong/.TinyTeX/texmf-dist/tex/latex/hycolor/hycolor.sty)
(/home/gongcongcong/.TinyTeX/texmf-dist/tex/latex/letltxmacro/letltxmacro.sty)
(/home/gongcongcong/.TinyTeX/texmf-dist/tex/latex/auxhook/auxhook.sty)
(/home/gongcongcong/.TinyTeX/texmf-dist/tex/latex/kvoptions/kvoptions.sty)
(/home/gongcongcong/.TinyTeX/texmf-dist/tex/latex/hyperref/pd1enc.def)
(/home/gongcongcong/.TinyTeX/texmf-dist/tex/latex/hyperref/hyperref-langpatches
.def) (/home/gongcongcong/.TinyTeX/texmf-dist/tex/generic/intcalc/intcalc.sty)
(/home/gongcongcong/.TinyTeX/texmf-dist/tex/generic/etexcmds/etexcmds.sty)
(/home/gongcongcong/.TinyTeX/texmf-dist/tex/latex/hyperref/puenc.def)
(/home/gongcongcong/.TinyTeX/texmf-dist/tex/generic/bitset/bitset.sty
(/home/gongcongcong/.TinyTeX/texmf-dist/tex/generic/bigintcalc/bigintcalc.sty))
(/home/gongcongcong/.TinyTeX/texmf-dist/tex/latex/base/atbegshi-ltx.sty)

LaTeX Warning: Command \LT@p@ftntext  has changed.
               Check if current package is valid.

) (/home/gongcongcong/.TinyTeX/texmf-dist/tex/latex/hyperref/hpdftex.def
(/home/gongcongcong/.TinyTeX/texmf-dist/tex/latex/base/atveryend-ltx.sty)
(/home/gongcongcong/.TinyTeX/texmf-dist/tex/latex/rerunfilecheck/rerunfilecheck
.sty
(/home/gongcongcong/.TinyTeX/texmf-dist/tex/generic/uniquecounter/uniquecounter
.sty)))

Package hyperref Warning: Option `hyperindex' has already been used,
(hyperref)                setting the option has no effect on input line 377.


Package hyperref Warning: Option `pagebackref' has already been used,
(hyperref)                setting the option has no effect on input line 377.

) (/home/gongcongcong/.TinyTeX/texmf-dist/tex/latex/base/makeidx.sty)
(/home/gongcongcong/.TinyTeX/texmf-dist/tex/latex/base/inputenc.sty)
Writing index file Rd2.idx
(/home/gongcongcong/.TinyTeX/texmf-dist/tex/latex/psnfss/t1ptm.fd)
(/home/gongcongcong/.TinyTeX/texmf-dist/tex/latex/l3backend/l3backend-pdftex.de
f) (./Rd2.aux)
(/home/gongcongcong/.TinyTeX/texmf-dist/tex/context/base/mkii/supp-pdf.mkii
[Loading MPS to PDF converter (version 2006.09.02).]
) (/home/gongcongcong/.TinyTeX/texmf-dist/tex/latex/hyperref/nameref.sty
(/home/gongcongcong/.TinyTeX/texmf-dist/tex/latex/refcount/refcount.sty)
(/home/gongcongcong/.TinyTeX/texmf-dist/tex/generic/gettitlestring/gettitlestri
ng.sty)) (./Rd2.out) (./Rd2.out)
(/home/gongcongcong/.TinyTeX/texmf-dist/tex/latex/psnfss/t1pcr.fd)
(/home/gongcongcong/.TinyTeX/texmf-dist/tex/latex/psnfss/t1phv.fd) (./Rd2.toc)
[1{/home/gongcongcong/.TinyTeX/texmf-var/fonts/map/pdftex/updmap/pdftex.map}]
(/home/gongcongcong/.TinyTeX/texmf-dist/tex/latex/psnfss/ts1pcr.fd) [2]
[3]
Overfull \hbox (48.78088pt too wide) in paragraph at lines 196--196
 []\T1/pcr/m/n/10 pickST(m, threshold.d = 0.05, threshold = 0.8, plot = TRUE, p
owers = NULL) 
[4] [5] [6] (./Rd2.ind [7] [8]) (./Rd2.aux) )
(see the transcript file for additional information){/home/gongcongcong/.TinyTe
X/texmf-dist/fonts/enc/dvips/base/8r.enc}</home/gongcongcong/.TinyTeX/texmf-dis
t/fonts/type1/urw/courier/ucrr8a.pfb></home/gongcongcong/.TinyTeX/texmf-dist/fo
nts/type1/urw/courier/ucrro8a.pfb></home/gongcongcong/.TinyTeX/texmf-dist/fonts
/type1/urw/helvetic/uhvr8a.pfb></home/gongcongcong/.TinyTeX/texmf-dist/fonts/ty
pe1/urw/times/utmb8a.pfb></home/gongcongcong/.TinyTeX/texmf-dist/fonts/type1/ur
w/times/utmr8a.pfb></home/gongcongcong/.TinyTeX/texmf-dist/fonts/type1/urw/time
s/utmr8a.pfb></home/gongcongcong/.TinyTeX/texmf-dist/fonts/type1/urw/times/utmr
i8a.pfb>
Output written on Rd2.pdf (8 pages, 92191 bytes).
Transcript written on Rd2.log.
Saving output to ‘mbOmic-manual.pdf’ ...
Done
You may want to clean up by 'rm -Rf /tmp/RtmpmeCHAN/Rd2pdf3f4219523b1'
